Arguments: 
  C:\Program Files\nodejs\node.exe C:\Users\muham\AppData\Roaming\npm\node_modules\yarn\bin\yarn.js install

PATH: 
  C:\Program Files\Microsoft\jdk-11.0.16.101-hotspot\bin;C:\WINDOWS\system32;C:\WINDOWS;C:\WINDOWS\System32\Wbem;C:\WINDOWS\System32\WindowsPowerShell\v1.0\;C:\WINDOWS\System32\OpenSSH\;C:\ProgramData\chocolatey\bin;C:\Program Files\nodejs\;C:\Program Files\OpenJDK\openjdk-11.0.15_10\bin;C:\Users\muham\AppData\Local\Microsoft\WindowsApps;C:\Users\muham\AppData\Roaming\npm;C:\Users\muham\AppData\Local\Android\Sdk\platform-tools;C:\Users\muham\AppData\Local\Programs\Microsoft VS Code\bin;C:\Users\muham\AppData\Local\GitHubDesktop\bin

Yarn version: 
  1.22.18

Node version: 
  16.15.0

Platform: 
  win32 x64

Trace: 
  Error: EBUSY: resource busy or locked, unlink 'D:\S2D Work\TestModel3\node_modules\react-native-gradle-plugin\.gradle\buildOutputCleanup\outputFiles.bin'

npm manifest: 
  {
    "name": "TestModel3",
    "version": "0.0.1",
    "private": true,
    "scripts": {
      "android": "react-native run-android",
      "ios": "react-native run-ios",
      "lint": "eslint .",
      "start": "react-native start",
      "test": "jest"
    },
    "dependencies": {
      "@faker-js/faker": "^7.6.0",
      "@react-navigation/bottom-tabs": "^6.5.7",
      "@react-navigation/material-top-tabs": "^6.6.2",
      "@react-navigation/native": "^6.1.6",
      "@react-navigation/native-stack": "^6.9.12",
      "faker": "^6.6.6",
      "react": "18.2.0",
      "react-native": "0.71.3",
      "react-native-gesture-handler": "^2.9.0",
      "react-native-pager-view": "^6.1.4",
      "react-native-safe-area-context": "^4.5.0",
      "react-native-screens": "^3.20.0",
      "react-native-tab-view": "^3.5.1"
    },
    "devDependencies": {
      "@babel/core": "^7.20.0",
      "@babel/preset-env": "^7.20.0",
      "@babel/runtime": "^7.20.0",
      "@react-native-community/eslint-config": "^3.2.0",
      "@tsconfig/react-native": "^2.0.2",
      "@types/jest": "^29.2.1",
      "@types/react": "^18.0.24",
      "@types/react-test-renderer": "^18.0.0",
      "babel-jest": "^29.2.1",
      "eslint": "^8.19.0",
      "jest": "^29.2.1",
      "metro-react-native-babel-preset": "0.73.7",
      "prettier": "^2.4.1",
      "react-test-renderer": "18.2.0",
      "typescript": "4.8.4"
    },
    "jest": {
      "preset": "react-native"
    }
  }

yarn manifest: 
  No manifest

Lockfile: 
  No lockfile
